                        * Lab 4
                        * March 12
                        * Dean Chong San
                        
lab4.asm,5: Unrecognized Mnemonic: $3000
                        ORG $3000
                        
00000000 2a1f           mySUB	MOVE.L (SP)+,D5  ;poping the PC value to a d5 register
00000002 241f           		MOVE.L (SP)+,D2	;Poping the right values then
00000004 221f           		MOVE.L (SP)+,D1
00000006 201f           		MOVE.L (SP)+,D0
00000008 2f05           		MOVE.L D5,-(SP)	;Pushing the PC back to the top of the stack then
0000000a 4283           		CLR.L D3		;Code from mySUB
0000000c d680           		ADD.L D0,D3
0000000e d681           		ADD.L D1,D3
00000010 9682           		SUB.L D2,D3
00000012 4e75           		RTS					;Returns the subroutine
                        		
                        
                        
lab4.asm,20: Unrecognized Mnemonic: $4000
                        ORG $4000					;Main
00000014 4243           		CLR D3					
00000016 203c 0000 0008 		MOVE.L #8,D0		;Moving values into the registers
0000001c 223c 0000 0007 		MOVE.L #7,D1
00000022 243c 0000 0005 		MOVE.L #5,D2
                        
00000028 2f00           		MOVE.L D0,-(SP)		;Pushing values to the stack
0000002a 2f01           		MOVE.L D1,-(SP)
0000002c 2f02           		MOVE.L D2,-(SP)
                        
0000002e 61d0           		BSR mySUB
                        
00000030 4e4f           		TRAP #15
00000032 0063           		DC.W $63
                        

 =====     2 Error(s)
 =====     0 Warning(s)
